<?xml version="1.0" encoding="UTF-8"?>
<!-- Generated by org.testng.reporters.JUnitXMLReporter -->
<testsuite ignored="0" hostname="LAPTOP-93Q115F7" failures="0" tests="3" name="Default test" time="0.061" errors="0" timestamp="2022-02-11T13:14:25 IST">
  <testcase classname="selenium.automatedtest.Testng.Order" name="test" time="0.007"/>
  <testcase classname="selenium.automatedtest.Testng.Order" name="test2" time="0.002"/>
  <testcase classname="selenium.automatedtest.Testng.Order" name="test3" time="0.002"/>
</testsuite> <!-- Default test -->
