<?xml version="1.0" encoding="UTF-8"?>
<testng-results ignored="0" total="3" passed="3" failed="0" skipped="0">
  <reporter-output>
  </reporter-output>
  <suite started-at="2022-02-11T13:14:25 IST" name="Default suite" finished-at="2022-02-11T13:14:25 IST" duration-ms="61">
    <groups>
    </groups>
    <test started-at="2022-02-11T13:14:25 IST" name="Default test" finished-at="2022-02-11T13:14:25 IST" duration-ms="61">
      <class name="selenium.automatedtest.Testng.Order">
        <test-method is-config="true" signature="beforeSuite()[pri:0, instance:selenium.automatedtest.Testng.Order@957e06]" started-at="2022-02-11T13:14:25 IST" name="beforeSuite" finished-at="2022-02-11T13:14:25 IST" duration-ms="8" status="PASS">
          <reporter-output>
          </reporter-output>
        </test-method> <!-- beforeSuite -->
        <test-method is-config="true" signature="beforeTest()[pri:0, instance:selenium.automatedtest.Testng.Order@957e06]" started-at="2022-02-11T13:14:25 IST" name="beforeTest" finished-at="2022-02-11T13:14:25 IST" duration-ms="0" status="PASS">
          <reporter-output>
          </reporter-output>
        </test-method> <!-- beforeTest -->
        <test-method is-config="true" signature="beforeMethod()[pri:0, instance:selenium.automatedtest.Testng.Order@957e06]" started-at="2022-02-11T13:14:25 IST" name="beforeMethod" finished-at="2022-02-11T13:14:25 IST" duration-ms="1" status="PASS">
          <reporter-output>
          </reporter-output>
        </test-method> <!-- beforeMethod -->
        <test-method signature="test()[pri:0, instance:selenium.automatedtest.Testng.Order@957e06]" started-at="2022-02-11T13:14:25 IST" name="test" finished-at="2022-02-11T13:14:25 IST" duration-ms="7" status="PASS">
          <reporter-output>
          </reporter-output>
        </test-method> <!-- test -->
        <test-method is-config="true" signature="beforeMethod1()[pri:0, instance:selenium.automatedtest.Testng.Order@957e06]" started-at="2022-02-11T13:14:25 IST" name="beforeMethod1" finished-at="2022-02-11T13:14:25 IST" duration-ms="0" status="PASS">
          <reporter-output>
          </reporter-output>
        </test-method> <!-- beforeMethod1 -->
        <test-method is-config="true" signature="afterMethod()[pri:0, instance:selenium.automatedtest.Testng.Order@957e06]" started-at="2022-02-11T13:14:25 IST" name="afterMethod" finished-at="2022-02-11T13:14:25 IST" duration-ms="0" status="PASS">
          <reporter-output>
          </reporter-output>
        </test-method> <!-- afterMethod -->
        <test-method is-config="true" signature="beforeMethod()[pri:0, instance:selenium.automatedtest.Testng.Order@957e06]" started-at="2022-02-11T13:14:25 IST" name="beforeMethod" finished-at="2022-02-11T13:14:25 IST" duration-ms="1" status="PASS">
          <reporter-output>
          </reporter-output>
        </test-method> <!-- beforeMethod -->
        <test-method is-config="true" signature="beforeMethod1()[pri:0, instance:selenium.automatedtest.Testng.Order@957e06]" started-at="2022-02-11T13:14:25 IST" name="beforeMethod1" finished-at="2022-02-11T13:14:25 IST" duration-ms="0" status="PASS">
          <reporter-output>
          </reporter-output>
        </test-method> <!-- beforeMethod1 -->
        <test-method signature="test2()[pri:0, instance:selenium.automatedtest.Testng.Order@957e06]" started-at="2022-02-11T13:14:25 IST" name="test2" finished-at="2022-02-11T13:14:25 IST" duration-ms="2" status="PASS">
          <reporter-output>
          </reporter-output>
        </test-method> <!-- test2 -->
        <test-method is-config="true" signature="beforeMethod()[pri:0, instance:selenium.automatedtest.Testng.Order@957e06]" started-at="2022-02-11T13:14:25 IST" name="beforeMethod" finished-at="2022-02-11T13:14:25 IST" duration-ms="1" status="PASS">
          <reporter-output>
          </reporter-output>
        </test-method> <!-- beforeMethod -->
        <test-method is-config="true" signature="afterMethod()[pri:0, instance:selenium.automatedtest.Testng.Order@957e06]" started-at="2022-02-11T13:14:25 IST" name="afterMethod" finished-at="2022-02-11T13:14:25 IST" duration-ms="0" status="PASS">
          <reporter-output>
          </reporter-output>
        </test-method> <!-- afterMethod -->
        <test-method is-config="true" signature="beforeMethod1()[pri:0, instance:selenium.automatedtest.Testng.Order@957e06]" started-at="2022-02-11T13:14:25 IST" name="beforeMethod1" finished-at="2022-02-11T13:14:25 IST" duration-ms="0" status="PASS">
          <reporter-output>
          </reporter-output>
        </test-method> <!-- beforeMethod1 -->
        <test-method signature="test3()[pri:0, instance:selenium.automatedtest.Testng.Order@957e06]" started-at="2022-02-11T13:14:25 IST" name="test3" finished-at="2022-02-11T13:14:25 IST" duration-ms="2" status="PASS">
          <reporter-output>
          </reporter-output>
        </test-method> <!-- test3 -->
        <test-method is-config="true" signature="afterMethod()[pri:0, instance:selenium.automatedtest.Testng.Order@957e06]" started-at="2022-02-11T13:14:25 IST" name="afterMethod" finished-at="2022-02-11T13:14:25 IST" duration-ms="1" status="PASS">
          <reporter-output>
          </reporter-output>
        </test-method> <!-- afterMethod -->
        <test-method is-config="true" signature="afterTest()[pri:0, instance:selenium.automatedtest.Testng.Order@957e06]" started-at="2022-02-11T13:14:25 IST" name="afterTest" finished-at="2022-02-11T13:14:25 IST" duration-ms="1" status="PASS">
          <reporter-output>
          </reporter-output>
        </test-method> <!-- afterTest -->
        <test-method is-config="true" signature="afterSuite()[pri:0, instance:selenium.automatedtest.Testng.Order@957e06]" started-at="2022-02-11T13:14:25 IST" name="afterSuite" finished-at="2022-02-11T13:14:25 IST" duration-ms="0" status="PASS">
          <reporter-output>
          </reporter-output>
        </test-method> <!-- afterSuite -->
      </class> <!-- selenium.automatedtest.Testng.Order -->
    </test> <!-- Default test -->
  </suite> <!-- Default suite -->
</testng-results>
